<?xml version="1.0" encoding="UTF-8"?>
<testsuite xmlns:xsi="http://www.w3.org/2001/XMLSchema-instance" xsi:noNamespaceSchemaLocation="https://maven.apache.org/surefire/maven-surefire-plugin/xsd/surefire-test-report.xsd" name="org.example.CalcTest" time="0.013" tests="1" errors="0" skipped="0" failures="0">
  <properties>
    <property name="java.specification.version" value="21"/>
    <property name="sun.cpu.isalist" value="amd64"/>
    <property name="sun.jnu.encoding" value="GBK"/>
    <property name="java.class.path" value="C:\Users\DELL\tutorial4\target\test-classes;C:\Users\DELL\tutorial4\target\classes;E:\dskm\org\junit\jupiter\junit-jupiter-engine\5.4.0\junit-jupiter-engine-5.4.0.jar;E:\dskm\org\apiguardian\apiguardian-api\1.0.0\apiguardian-api-1.0.0.jar;E:\dskm\org\junit\platform\junit-platform-engine\1.4.0\junit-platform-engine-1.4.0.jar;E:\dskm\org\opentest4j\opentest4j\1.1.1\opentest4j-1.1.1.jar;E:\dskm\org\junit\platform\junit-platform-commons\1.4.0\junit-platform-commons-1.4.0.jar;E:\dskm\org\junit\jupiter\junit-jupiter-api\5.4.0\junit-jupiter-api-5.4.0.jar;E:\dskm\org\junit\jupiter\junit-jupiter\5.11.1\junit-jupiter-5.11.1.jar;E:\dskm\org\junit\jupiter\junit-jupiter-params\5.11.1\junit-jupiter-params-5.11.1.jar;"/>
    <property name="java.vm.vendor" value="Oracle Corporation"/>
    <property name="sun.arch.data.model" value="64"/>
    <property name="user.variant" value=""/>
    <property name="java.vendor.url" value="https://java.oracle.com/"/>
    <property name="user.timezone" value="Asia/Shanghai"/>
    <property name="os.name" value="Windows 11"/>
    <property name="java.vm.specification.version" value="21"/>
    <property name="sun.java.launcher" value="SUN_STANDARD"/>
    <property name="user.country" value="CN"/>
    <property name="sun.boot.library.path" value="F:\Java\bin"/>
    <property name="sun.java.command" value="C:\Users\DELL\AppData\Local\Temp\surefire4581208636758046470\surefirebooter10431941568314755606.jar C:\Users\DELL\AppData\Local\Temp\surefire4581208636758046470 2024-09-28T02-40-27_949-jvmRun1 surefire17751751426120255237tmp surefire_08217594544999909396tmp"/>
    <property name="jdk.debug" value="release"/>
    <property name="surefire.test.class.path" value="C:\Users\DELL\tutorial4\target\test-classes;C:\Users\DELL\tutorial4\target\classes;E:\dskm\org\junit\jupiter\junit-jupiter-engine\5.4.0\junit-jupiter-engine-5.4.0.jar;E:\dskm\org\apiguardian\apiguardian-api\1.0.0\apiguardian-api-1.0.0.jar;E:\dskm\org\junit\platform\junit-platform-engine\1.4.0\junit-platform-engine-1.4.0.jar;E:\dskm\org\opentest4j\opentest4j\1.1.1\opentest4j-1.1.1.jar;E:\dskm\org\junit\platform\junit-platform-commons\1.4.0\junit-platform-commons-1.4.0.jar;E:\dskm\org\junit\jupiter\junit-jupiter-api\5.4.0\junit-jupiter-api-5.4.0.jar;E:\dskm\org\junit\jupiter\junit-jupiter\5.11.1\junit-jupiter-5.11.1.jar;E:\dskm\org\junit\jupiter\junit-jupiter-params\5.11.1\junit-jupiter-params-5.11.1.jar;"/>
    <property name="sun.cpu.endian" value="little"/>
    <property name="user.home" value="C:\Users\DELL"/>
    <property name="user.language" value="zh"/>
    <property name="java.specification.vendor" value="Oracle Corporation"/>
    <property name="java.version.date" value="2024-01-16"/>
    <property name="java.home" value="F:\Java"/>
    <property name="file.separator" value="\"/>
    <property name="basedir" value="C:\Users\DELL\tutorial4"/>
    <property name="java.vm.compressedOopsMode" value="Zero based"/>
    <property name="line.separator" value="&#10;"/>
    <property name="java.vm.specification.vendor" value="Oracle Corporation"/>
    <property name="java.specification.name" value="Java Platform API Specification"/>
    <property name="surefire.real.class.path" value="C:\Users\DELL\AppData\Local\Temp\surefire4581208636758046470\surefirebooter10431941568314755606.jar"/>
    <property name="user.script" value=""/>
    <property name="sun.management.compiler" value="HotSpot 64-Bit Tiered Compilers"/>
    <property name="java.runtime.version" value="21.0.2+13-LTS-58"/>
    <property name="user.name" value="DELL"/>
    <property name="stdout.encoding" value="GBK"/>
    <property name="path.separator" value=";"/>
    <property name="os.version" value="10.0"/>
    <property name="java.runtime.name" value="Java(TM) SE Runtime Environment"/>
    <property name="file.encoding" value="UTF-8"/>
    <property name="java.vm.name" value="Java HotSpot(TM) 64-Bit Server VM"/>
    <property name="localRepository" value="E:\dskm"/>
    <property name="java.vendor.url.bug" value="https://bugreport.java.com/bugreport/"/>
    <property name="java.io.tmpdir" value="C:\Users\DELL\AppData\Local\Temp\"/>
    <property name="java.version" value="21.0.2"/>
    <property name="user.dir" value="C:\Users\DELL\tutorial4"/>
    <property name="os.arch" value="amd64"/>
    <property name="java.vm.specification.name" value="Java Virtual Machine Specification"/>
    <property name="sun.os.patch.level" value=""/>
    <property name="native.encoding" value="GBK"/>
    <property name="java.library.path" value="F:\Java\bin;C:\WINDOWS\Sun\Java\bin;C:\WINDOWS\system32;C:\WINDOWS;C:\Users\DELL\bin;C:\Program Files\Git\mingw64\bin;C:\Program Files\Git\usr\local\bin;C:\Program Files\Git\usr\bin;C:\Program Files\Git\usr\bin;C:\Program Files\Git\mingw64\bin;C:\Program Files\Git\usr\bin;C:\Users\DELL\bin;C:\Program Files\Common Files\Oracle\Java\javapath;%JAVA_HOME%\bi;%JAVA_HOME%\jre\bin;C:\Program Files\Common Files\Oracle\Java\javapath&quot;;C:\Windows\system32;C:\Windows;C:\Windows\System32\Wbem;C:\Windows\System32\WindowsPowerShell\v1.0;C:\Windows\System32\OpenSSH;C:\Program Files (x86)\NVIDIA Corporation\PhysX\Common;C:\Program Files\NVIDIA Corporation\NVIDIA NvDLISR;C:\Program Files (x86)\Microsoft SQL Server\100\Tools\Binn;C:\Program Files\Microsoft SQL Server\100\Tools\Binn;C:\Program Files\Microsoft SQL Server\100\DTS\Binn;C:\WINDOWS\system32;C:\WINDOWS;C:\WINDOWS\System32\Wbem;C:\WINDOWS\System32\WindowsPowerShell\v1.0;C:\WINDOWS\System32\OpenSSH;C:\MinGW\mingw64\bin;C:\MinGW\mingw64\x86_64-w64-mingw32\lib;C:\Program Files\dotnet;C:\Program Files (x86)\Windows Kits\10\Windows Performance Toolkit;C:\Program Files\Git\cmd;%MAVEN_HOME%\bin;C:\Users\DELL\scoop\shims;C:\Users\DELL\.cargo\bin;C:\Users\DELL\AppData\Local\Microsoft\WindowsApps;F:\vs\Microsoft VS Code\bin;F:\Java idea\IntelliJ IDEA 2023.3.4\bin;F:\ai sing\So-VITS-SVC新版\新版整合包\so-vits-svc\ffmpeg\bin;C:\Users\DELL\.dotnet\tools;C:\Users\DELL\apache-maven-3.9.9-bin\apache-maven-3.9.9\bin;C:\Program Files\Git\usr\bin\vendor_perl;C:\Program Files\Git\usr\bin\core_perl;."/>
    <property name="java.vm.info" value="mixed mode, sharing"/>
    <property name="stderr.encoding" value="GBK"/>
    <property name="java.vendor" value="Oracle Corporation"/>
    <property name="java.vm.version" value="21.0.2+13-LTS-58"/>
    <property name="sun.io.unicode.encoding" value="UnicodeLittle"/>
    <property name="java.class.version" value="65.0"/>
  </properties>
  <testcase name="testAddition" classname="org.example.CalcTest" time="0.01"/>
</testsuite>